<?xml version="1.0" encoding="UTF-8"?>
<!-- Generated by org.testng.reporters.JUnitReportReporter -->
<testsuite hostname="BANLWR9135DV1" failures="1" tests="3" name="CucumberTest.FirstProject.TestNGTestRunner" time="84.707" errors="0" timestamp="2024-09-21T19:11:41 IST" skipped="0">
  <testcase classname="CucumberTest.FirstProject.TestNGTestRunner" name="runScenario" time="28.586"/>
  <system-out/>
  <testcase classname="CucumberTest.FirstProject.TestNGTestRunner" name="runScenario" time="28.539"/>
  <system-out/>
  <testcase classname="CucumberTest.FirstProject.TestNGTestRunner" name="runScenario" time="27.582">
    <failure message="expected [Beetroot] but found [No data]" type="java.lang.AssertionError">
      <![CDATA[java.lang.AssertionError: expected [Beetroot] but found [No data]
at org.testng.Assert.fail(Assert.java:110)
at org.testng.Assert.failNotEquals(Assert.java:1413)
at org.testng.Assert.assertEqualsImpl(Assert.java:149)
at org.testng.Assert.assertEquals(Assert.java:131)
at org.testng.Assert.assertEquals(Assert.java:655)
at org.testng.Assert.assertEquals(Assert.java:665)
at stepDefiniation.OfferPageStepDefiniation.validate_both_product(OfferPageStepDefiniation.java:39)
at âœ½.validate both product(file:///C:/Users/vv2/eclipse-workspace/FirstProject/src/test/java/features/searchProduct.feature:8)
]]>
    </failure>
  </testcase> <!-- runScenario -->
  <system-out/>
</testsuite> <!-- CucumberTest.FirstProject.TestNGTestRunner -->
